EcoTrack Test Results (most recent run)
Run mode: local | URL: http://127.0.0.1:5001

Columns: [Suite] | [Test] | [Status] | [Notes]

---------------------------------------------------------------------------------------------
[Unit] | TestWhiteBoxTesting::test_basis_path_1_empty_input                | PASSED | Error "Please enter a value." shown; kWh value None
[Unit] | TestWhiteBoxTesting::test_basis_path_2_non_numeric_input          | PASSED | Error "Please enter a valid number." shown; kWh value None
[Unit] | TestWhiteBoxTesting::test_basis_path_3_less_than_or_equal_to_zero | PASSED | Error "Value must be greater than 0." on input "-100"; kWh value None
[Unit] | TestWhiteBoxTesting::test_basis_path_4_exceeds_upper_boundary     | PASSED | Error "Value cannot exceed 99,999." on input "100000"; kWh value None
[Unit] | TestWhiteBoxTesting::test_basis_path_5_valid_input                | PASSED | Returned kWh value 500.0; no error
[Unit] | TestWhiteBoxTesting::test_calculate_co2_emission                  | PASSED | 100→37.00 and 123.45→45.6765 matched expected
---------------------------------------------------------------------------------------------
[UI]   | TestEquivalenceClassPartitioning::test_ecp_valid_integer_input    | FAILED | UI expects 2-decimal result ("1850.00"), UI shows integer ("1850")
[UI]   | TestEquivalenceClassPartitioning::test_ecp_invalid_string_input   | PASSED | Validation error displayed: "Please enter a valid number."
[UI]   | TestEquivalenceClassPartitioning::test_ecp_invalid_negative_input | FAILED | UI error text changed to "Must be > 0." (test expects original)
---------------------------------------------------------------------------------------------
[UI]   | TestBoundaryValueAnalysis::test_bva_zero_boundary                 | FAILED | UI error text changed to "Must be > 0." (test expects original)
[UI]   | TestBoundaryValueAnalysis::test_bva_maximum_valid_value           | FAILED | UI expects "36999.63", UI shows rounded integer "37000"
[UI]   | TestBoundaryValueAnalysis::test_bva_just_above_maximum_valid      | PASSED | Validation error displayed: "Value cannot exceed 99,999."
---------------------------------------------------------------------------------------------
[UI]   | TestStateTransitions::test_state_transition_login_logout          | PASSED | Welcome text present; logout redirected to login; history blocked when logged out
---------------------------------------------------------------------------------------------
[UI]   | TestDecisionTable::test_decision_table_validation[""-error]       | PASSED | Empty input produced error card as expected
[UI]   | TestDecisionTable::test_decision_table_validation[abc-error]      | PASSED | Non-numeric input produced error card ("Please enter a valid number.")
[UI]   | TestDecisionTable::test_decision_table_validation[-100-error]     | PASSED | Negative input produced error card (UI shows "Must be > 0.")
[UI]   | TestDecisionTable::test_decision_table_validation[150000-error]   | PASSED | Out-of-range high produced error card ("Value cannot exceed 99,999.")
[UI]   | TestDecisionTable::test_decision_table_validation[5000-success]   | PASSED | Result card displayed; 5000×0.37=1850 (UI shows "1850")
---------------------------------------------------------------------------------------------
[UI]   | TestErrorGuessing::test_edge_case_inputs[1,000]                   | PASSED | Comma-formatted number rejected; error card displayed
[UI]   | TestErrorGuessing::test_edge_case_inputs[1e3]                     | PASSED | Scientific notation rejected; error card displayed
[UI]   | TestErrorGuessing::test_edge_case_inputs[+100]                    | PASSED | Leading plus rejected; error card displayed
[UI]   | TestErrorGuessing::test_sql_injection_attempt                     | PASSED | Malicious input rejected; error card displayed; no crash or data loss
---------------------------------------------------------------------------------------------
[UI]   | TestIntegration::test_complete_user_journey                       | FAILED | UI expects 2-decimal result formatting (e.g., "37.00")
---------------------------------------------------------------------------------------------
Totals: 23 total | 18 PASSED | 5 FAILED | 0 SKIPPED

Passed Test Cases (explicit list):
- TestWhiteBoxTesting::test_basis_path_1_empty_input — Error "Please enter a value."; kWh=None
- TestWhiteBoxTesting::test_basis_path_2_non_numeric_input — Error "Please enter a valid number."; kWh=None
- TestWhiteBoxTesting::test_basis_path_3_less_than_or_equal_to_zero — Error "Value must be greater than 0."; kWh=None
- TestWhiteBoxTesting::test_basis_path_4_exceeds_upper_boundary — Error "Value cannot exceed 99,999."; kWh=None
- TestWhiteBoxTesting::test_basis_path_5_valid_input — kWh=500.0
- TestWhiteBoxTesting::test_calculate_co2_emission — 100→37.00; 123.45→45.6765
- TestEquivalenceClassPartitioning::test_ecp_invalid_string_input — Error "Please enter a valid number."
- TestBoundaryValueAnalysis::test_bva_just_above_maximum_valid — Error "Value cannot exceed 99,999."
- TestStateTransitions::test_state_transition_login_logout — Welcome text; logout redirect; history blocked
- TestDecisionTable::test_decision_table_validation[""-error] — Error card shown for empty input
- TestDecisionTable::test_decision_table_validation[abc-error] — Error card shown for non-numeric
- TestDecisionTable::test_decision_table_validation[-100-error] — Error card shown for negative input
- TestDecisionTable::test_decision_table_validation[150000-error] — Error card shown for high input
- TestDecisionTable::test_decision_table_validation[5000-success] — Result card shown; computed 1850
- TestErrorGuessing::test_edge_case_inputs[1,000] — Error card shown
- TestErrorGuessing::test_edge_case_inputs[1e3] — Error card shown
- TestErrorGuessing::test_edge_case_inputs[+100] — Error card shown
- TestErrorGuessing::test_sql_injection_attempt — Error card shown; app stable

Failed Test Cases (explicit list):
- TestEquivalenceClassPartitioning::test_ecp_valid_integer_input — Expected "1850.00"; UI shows "1850"
- TestEquivalenceClassPartitioning::test_ecp_invalid_negative_input — Expected full text; UI shows "Must be > 0."
- TestBoundaryValueAnalysis::test_bva_zero_boundary — Expected full text; UI shows "Must be > 0."
- TestBoundaryValueAnalysis::test_bva_maximum_valid_value — Expected "36999.63"; UI shows "37000"
- TestIntegration::test_complete_user_journey — Expected two-decimal result text

Notes:
- Intentional UI formatting changes cause specific expected-value assertions to fail while core logic remains correct.
- To make all tests pass, revert calculator UI to 2-decimal results and original error text for non-positive values.
